<?xml version="1.0" encoding="UTF-8"?>
<!-- Generated by org.testng.reporters.JUnitReportReporter -->
<testsuite hostname="Rahul" failures="0" tests="3" name="com.CRM.TestCase.HomeTestCase" time="0.951" errors="0" timestamp="2025-08-15T14:43:37 IST" skipped="0">
  <testcase classname="com.CRM.TestCase.HomeTestCase" name="VerifyUrl" time="0.013"/>
  <testcase classname="com.CRM.TestCase.HomeTestCase" name="VerifyTitle" time="0.009"/>
  <testcase classname="com.CRM.TestCase.HomeTestCase" name="VerifySignInLnk" time="0.929"/>
</testsuite> <!-- com.CRM.TestCase.HomeTestCase -->
