<?xml version="1.0" encoding="UTF-8"?>
<!-- Generated by org.testng.reporters.JUnitReportReporter -->
<testsuite hostname="Rahul" failures="0" tests="1" name="com.CRM.TestCase.LoginTestCase" time="0.577" errors="0" timestamp="2025-08-15T14:43:37 IST" skipped="0">
  <testcase classname="com.CRM.TestCase.LoginTestCase" name="ValidateLogin" time="0.577"/>
</testsuite> <!-- com.CRM.TestCase.LoginTestCase -->
