<?xml version="1.0" encoding="UTF-8"?>
<!-- Generated by org.testng.reporters.JUnitReportReporter -->
<testsuite hostname="Rahul" failures="0" tests="1" name="com.CRM.TestCase.LoginTestCase" time="1.185" errors="0" timestamp="2025-08-16T22:36:09 IST" skipped="0">
  <testcase classname="com.CRM.TestCase.LoginTestCase" name="ValidateLogin" time="1.185"/>
</testsuite> <!-- com.CRM.TestCase.LoginTestCase -->
