<?xml version="1.0" encoding="UTF-8"?>
<!-- Generated by org.testng.reporters.JUnitReportReporter -->
<testsuite hostname="Rahul" failures="0" tests="3" name="com.CRM.TestCase.HomeTestCase" time="0.940" errors="0" timestamp="2025-08-16T22:36:09 IST" skipped="0">
  <testcase classname="com.CRM.TestCase.HomeTestCase" name="VerifyUrl" time="0.018"/>
  <testcase classname="com.CRM.TestCase.HomeTestCase" name="VerifyTitle" time="0.015"/>
  <testcase classname="com.CRM.TestCase.HomeTestCase" name="VerifySignInLnk" time="0.907"/>
</testsuite> <!-- com.CRM.TestCase.HomeTestCase -->
